13.01.2020 17:18:18: Got 865 lines of data from restaurant_data/restaurants.tsv
13.01.2020 17:18:18: Got DB-Connection dmdb_project.restaurant_data
13.01.2020 17:18:48: Inserted 864 documents into dmdb_project.restaurant_data
13.01.2020 17:18:48: 
13.01.2020 17:18:48: Got 113 lines of data from restaurant_data/restaurants_DPL.tsv
13.01.2020 17:18:48: Got DB-Connection dmdb_project.restaurant_given_duplicates
13.01.2020 17:18:53: Inserted 112 documents into dmdb_project.restaurant_given_duplicates
13.01.2020 17:18:53: 
13.01.2020 17:18:53: Got DB-Connection dmdb_project.restaurant_my_duplicates
13.01.2020 17:19:11: Updated 517 documents in dmdb_project.restaurant_data
13.01.2020 17:19:11: Cleaned the field phone
13.01.2020 17:19:11: 
13.01.2020 17:19:11: Updated 15 documents in dmdb_project.restaurant_data
13.01.2020 17:19:14: Updated 88 documents in dmdb_project.restaurant_data
13.01.2020 17:19:14: Cleaned the field city
13.01.2020 17:19:14: 
13.01.2020 17:19:43: Updated 864 documents in dmdb_project.restaurant_data
13.01.2020 17:19:43: Cleaned the field address
13.01.2020 17:19:43: 
13.01.2020 17:19:46: Found 88 duplicates for input ['name']
13.01.2020 17:19:53: Found 78 duplicates for input ['address', 'city']
13.01.2020 17:20:00: Found 112 duplicates for input ['phone']
13.01.2020 17:20:04: 
13.01.2020 17:20:04: recognized duplicates: 127
13.01.2020 17:20:04: 
13.01.2020 17:20:04: correctly recognized duplicates: 109
13.01.2020 17:20:04: 
13.01.2020 17:20:04: incorrectly_recognized_duplicates: 18
13.01.2020 17:20:04: {'id_1': '498', 'id_2': '540'}
13.01.2020 17:20:04: {'id_1': '250', 'id_2': '374'}
13.01.2020 17:20:04: {'id_1': '257', 'id_2': '399'}
13.01.2020 17:20:04: {'id_1': '261', 'id_2': '423'}
13.01.2020 17:20:04: {'id_1': '272', 'id_2': '447'}
13.01.2020 17:20:04: {'id_1': '471', 'id_2': '759'}
13.01.2020 17:20:04: {'id_1': '180', 'id_2': '182'}
13.01.2020 17:20:04: {'id_1': '138', 'id_2': '771'}
13.01.2020 17:20:04: {'id_1': '179', 'id_2': '181'}
13.01.2020 17:20:04: {'id_1': '180', 'id_2': '181'}
13.01.2020 17:20:04: {'id_1': '183', 'id_2': '823'}
13.01.2020 17:20:04: {'id_1': '184', 'id_2': '823'}
13.01.2020 17:20:04: {'id_1': '553', 'id_2': '555'}
13.01.2020 17:20:04: {'id_1': '555', 'id_2': '784'}
13.01.2020 17:20:04: {'id_1': '145', 'id_2': '550'}
13.01.2020 17:20:04: {'id_1': '541', 'id_2': '783'}
13.01.2020 17:20:04: {'id_1': '141', 'id_2': '546'}
13.01.2020 17:20:04: {'id_1': '542', 'id_2': '559'}
13.01.2020 17:20:04: 
13.01.2020 17:20:04: unrecognised_duplicates: (length: 3)
13.01.2020 17:20:04: {'id_1': '179', 'id_2': '180'}
13.01.2020 17:20:04: {'id_1': '181', 'id_2': '182'}
13.01.2020 17:20:04: {'id_1': '183', 'id_2': '184'}
13.01.2020 17:20:04: 
13.01.2020 17:20:04: 
13.01.2020 17:20:04: ==============================
13.01.2020 17:20:04: Precision: 85.83% (low)
13.01.2020 17:20:04: Recall: 97.32% (high)
13.01.2020 17:20:04: ==============================
13.01.2020 17:20:04: 
13.01.2020 17:20:04: 
13.01.2020 17:20:04: 
13.01.2020 17:20:04: 
13.01.2020 17:20:10: Found 60 duplicates for input ['name', 'address']
13.01.2020 17:20:16: Found 80 duplicates for input ['name', 'city']
13.01.2020 17:20:25: Found 77 duplicates for input ['name', 'phone']
13.01.2020 17:20:31: Found 78 duplicates for input ['address', 'city']
13.01.2020 17:20:41: Found 88 duplicates for input ['address', 'phone']
13.01.2020 17:20:49: Found 93 duplicates for input ['city', 'phone']
13.01.2020 17:20:54: 
13.01.2020 17:20:54: recognized duplicates: 119
13.01.2020 17:20:54: 
13.01.2020 17:20:54: correctly recognized duplicates: 108
13.01.2020 17:20:54: 
13.01.2020 17:20:54: incorrectly_recognized_duplicates: 11
13.01.2020 17:20:54: {'id_1': '180', 'id_2': '182'}
13.01.2020 17:20:54: {'id_1': '138', 'id_2': '771'}
13.01.2020 17:20:54: {'id_1': '179', 'id_2': '181'}
13.01.2020 17:20:54: {'id_1': '180', 'id_2': '181'}
13.01.2020 17:20:54: {'id_1': '553', 'id_2': '555'}
13.01.2020 17:20:54: {'id_1': '555', 'id_2': '784'}
13.01.2020 17:20:54: {'id_1': '183', 'id_2': '823'}
13.01.2020 17:20:54: {'id_1': '184', 'id_2': '823'}
13.01.2020 17:20:54: {'id_1': '145', 'id_2': '550'}
13.01.2020 17:20:54: {'id_1': '542', 'id_2': '559'}
13.01.2020 17:20:54: {'id_1': '541', 'id_2': '783'}
13.01.2020 17:20:54: 
13.01.2020 17:20:54: unrecognised_duplicates: (length: 4)
13.01.2020 17:20:54: {'id_1': '41', 'id_2': '42'}
13.01.2020 17:20:54: {'id_1': '179', 'id_2': '180'}
13.01.2020 17:20:54: {'id_1': '181', 'id_2': '182'}
13.01.2020 17:20:54: {'id_1': '183', 'id_2': '184'}
13.01.2020 17:20:54: 
13.01.2020 17:20:54: 
13.01.2020 17:20:54: ==============================
13.01.2020 17:20:54: Precision: 90.76% (average)
13.01.2020 17:20:54: Recall: 96.43% (high)
13.01.2020 17:20:54: ==============================
13.01.2020 17:20:54: 
13.01.2020 17:20:54: 
13.01.2020 17:20:54: 
13.01.2020 17:20:54: 
13.01.2020 17:20:59: Found 60 duplicates for input ['name', 'address']
13.01.2020 17:21:05: Found 80 duplicates for input ['name', 'city']
13.01.2020 17:21:14: Found 77 duplicates for input ['name', 'phone']
13.01.2020 17:21:23: Found 88 duplicates for input ['address', 'phone']
13.01.2020 17:21:31: Found 93 duplicates for input ['city', 'phone']
13.01.2020 17:21:36: 
13.01.2020 17:21:36: recognized duplicates: 115
13.01.2020 17:21:36: 
13.01.2020 17:21:36: correctly recognized duplicates: 105
13.01.2020 17:21:36: 
13.01.2020 17:21:36: incorrectly_recognized_duplicates: 10
13.01.2020 17:21:36: {'id_1': '179', 'id_2': '181'}
13.01.2020 17:21:36: {'id_1': '180', 'id_2': '181'}
13.01.2020 17:21:36: {'id_1': '180', 'id_2': '182'}
13.01.2020 17:21:36: {'id_1': '553', 'id_2': '555'}
13.01.2020 17:21:36: {'id_1': '555', 'id_2': '784'}
13.01.2020 17:21:36: {'id_1': '183', 'id_2': '823'}
13.01.2020 17:21:36: {'id_1': '184', 'id_2': '823'}
13.01.2020 17:21:36: {'id_1': '145', 'id_2': '550'}
13.01.2020 17:21:36: {'id_1': '542', 'id_2': '559'}
13.01.2020 17:21:36: {'id_1': '541', 'id_2': '783'}
13.01.2020 17:21:36: 
13.01.2020 17:21:36: unrecognised_duplicates: (length: 7)
13.01.2020 17:21:36: {'id_1': '41', 'id_2': '42'}
13.01.2020 17:21:36: {'id_1': '133', 'id_2': '134'}
13.01.2020 17:21:36: {'id_1': '139', 'id_2': '140'}
13.01.2020 17:21:36: {'id_1': '143', 'id_2': '144'}
13.01.2020 17:21:36: {'id_1': '179', 'id_2': '180'}
13.01.2020 17:21:36: {'id_1': '181', 'id_2': '182'}
13.01.2020 17:21:36: {'id_1': '183', 'id_2': '184'}
13.01.2020 17:21:36: 
13.01.2020 17:21:36: 
13.01.2020 17:21:36: ==============================
13.01.2020 17:21:36: Precision: 91.3% (average)
13.01.2020 17:21:36: Recall: 93.75% (average)
13.01.2020 17:21:36: ==============================
13.01.2020 17:21:36: 
13.01.2020 17:21:36: 
13.01.2020 17:21:36: 
13.01.2020 17:21:36: 
13.01.2020 17:21:42: Found 60 duplicates for input ['name', 'address']
13.01.2020 17:21:48: Found 80 duplicates for input ['name', 'city']
13.01.2020 17:21:57: Found 77 duplicates for input ['name', 'phone']
13.01.2020 17:22:05: Found 88 duplicates for input ['address', 'phone']
13.01.2020 17:22:09: 
13.01.2020 17:22:09: recognized duplicates: 113
13.01.2020 17:22:09: 
13.01.2020 17:22:09: correctly recognized duplicates: 103
13.01.2020 17:22:09: 
13.01.2020 17:22:09: incorrectly_recognized_duplicates: 10
13.01.2020 17:22:09: {'id_1': '179', 'id_2': '181'}
13.01.2020 17:22:09: {'id_1': '180', 'id_2': '181'}
13.01.2020 17:22:09: {'id_1': '180', 'id_2': '182'}
13.01.2020 17:22:09: {'id_1': '553', 'id_2': '555'}
13.01.2020 17:22:09: {'id_1': '555', 'id_2': '784'}
13.01.2020 17:22:09: {'id_1': '183', 'id_2': '823'}
13.01.2020 17:22:09: {'id_1': '184', 'id_2': '823'}
13.01.2020 17:22:09: {'id_1': '145', 'id_2': '550'}
13.01.2020 17:22:09: {'id_1': '542', 'id_2': '559'}
13.01.2020 17:22:09: {'id_1': '541', 'id_2': '783'}
13.01.2020 17:22:09: 
13.01.2020 17:22:09: unrecognised_duplicates: (length: 9)
13.01.2020 17:22:09: {'id_1': '41', 'id_2': '42'}
13.01.2020 17:22:09: {'id_1': '121', 'id_2': '122'}
13.01.2020 17:22:09: {'id_1': '133', 'id_2': '134'}
13.01.2020 17:22:09: {'id_1': '139', 'id_2': '140'}
13.01.2020 17:22:09: {'id_1': '143', 'id_2': '144'}
13.01.2020 17:22:09: {'id_1': '153', 'id_2': '154'}
13.01.2020 17:22:09: {'id_1': '179', 'id_2': '180'}
13.01.2020 17:22:09: {'id_1': '181', 'id_2': '182'}
13.01.2020 17:22:09: {'id_1': '183', 'id_2': '184'}
13.01.2020 17:22:09: 
13.01.2020 17:22:09: 
13.01.2020 17:22:09: ==============================
13.01.2020 17:22:09: Precision: 91.15% (average)
13.01.2020 17:22:09: Recall: 91.96% (average)
13.01.2020 17:22:09: ==============================
13.01.2020 17:22:09: 
13.01.2020 17:22:09: 
13.01.2020 17:22:09: 
13.01.2020 17:22:09: 
13.01.2020 17:22:15: Found 60 duplicates for input ['name', 'address']
13.01.2020 17:22:21: Found 80 duplicates for input ['name', 'city']
13.01.2020 17:22:29: Found 77 duplicates for input ['name', 'phone']
13.01.2020 17:22:36: Found 93 duplicates for input ['city', 'phone']
13.01.2020 17:22:40: 
13.01.2020 17:22:40: recognized duplicates: 100
13.01.2020 17:22:40: 
13.01.2020 17:22:40: correctly recognized duplicates: 99
13.01.2020 17:22:40: 
13.01.2020 17:22:40: incorrectly_recognized_duplicates: 1
13.01.2020 17:22:40: {'id_1': '180', 'id_2': '182'}
13.01.2020 17:22:40: 
13.01.2020 17:22:40: unrecognised_duplicates: (length: 13)
13.01.2020 17:22:40: {'id_1': '15', 'id_2': '16'}
13.01.2020 17:22:40: {'id_1': '19', 'id_2': '20'}
13.01.2020 17:22:40: {'id_1': '21', 'id_2': '22'}
13.01.2020 17:22:40: {'id_1': '31', 'id_2': '32'}
13.01.2020 17:22:40: {'id_1': '35', 'id_2': '36'}
13.01.2020 17:22:40: {'id_1': '41', 'id_2': '42'}
13.01.2020 17:22:40: {'id_1': '45', 'id_2': '46'}
13.01.2020 17:22:40: {'id_1': '133', 'id_2': '134'}
13.01.2020 17:22:40: {'id_1': '139', 'id_2': '140'}
13.01.2020 17:22:40: {'id_1': '143', 'id_2': '144'}
13.01.2020 17:22:40: {'id_1': '179', 'id_2': '180'}
13.01.2020 17:22:40: {'id_1': '181', 'id_2': '182'}
13.01.2020 17:22:40: {'id_1': '183', 'id_2': '184'}
13.01.2020 17:22:40: 
13.01.2020 17:22:40: 
13.01.2020 17:22:40: ==============================
13.01.2020 17:22:40: Precision: 99.0% (very high)
13.01.2020 17:22:40: Recall: 88.39% (low)
13.01.2020 17:22:40: ==============================
13.01.2020 17:22:40: 
13.01.2020 17:22:40: 
13.01.2020 17:22:40: 
13.01.2020 17:22:40: 
